0 info it worked if it ends with ok
1 verbose cli [ 'C:\\Program Files\\nodejs\\node.exe',
1 verbose cli   'C:\\Program Files\\nodejs\\node_modules\\npm\\bin\\npm-cli.js',
1 verbose cli   'start' ]
2 info using npm@3.10.10
3 info using node@v6.11.2
4 verbose run-script [ 'prestart', 'start', 'poststart' ]
5 info lifecycle chatroom@1.0.0~prestart: chatroom@1.0.0
6 silly lifecycle chatroom@1.0.0~prestart: no script for prestart, continuing
7 info lifecycle chatroom@1.0.0~start: chatroom@1.0.0
8 verbose lifecycle chatroom@1.0.0~start: unsafe-perm in lifecycle true
9 verbose lifecycle chatroom@1.0.0~start: PATH: C:\Program Files\nodejs\node_modules\npm\bin\node-gyp-bin;C:\Users\jwang\Desktop\clockwork-tomatalia\Chatroom\node_modules\.bin;U:\bin;C:\Users\jwang\AppData\Local\Programs\Git\mingw32\bin;C:\Users\jwang\AppData\Local\Programs\Git\usr\local\bin;C:\Users\jwang\AppData\Local\Programs\Git\usr\bin;C:\Users\jwang\AppData\Local\Programs\Git\usr\bin;C:\Users\jwang\AppData\Local\Programs\Git\mingw32\bin;C:\Users\jwang\AppData\Local\Programs\Git\usr\bin;U:\bin;C:\ProgramData\Oracle\Java\javapath;C:\Windows\system32;C:\Windows;C:\Windows\System32\Wbem;C:\Windows\System32\WindowsPowerShell\v1.0;C:\Program Files\QT Lite\QTSystem;C:\Program Files\nodejs;C:\Program Files\Google\Chrome\Application;C:\ProgramData\Oracle\Java\javapath;C:\Windows\system32;C:\Windows;C:\Windows\System32\Wbem;C:\Windows\System32\WindowsPowerShell\v1.0;C:\Program Files\QT Lite\QTSystem;C:\Program Files\nodejs;C:\Users\jwang\AppData\Local\Programs\Git\cmd;C:\Users\jwang\AppData\Local\Programs\Git\usr\bin\vendor_perl;C:\Users\jwang\AppData\Local\Programs\Git\usr\bin\core_perl
10 verbose lifecycle chatroom@1.0.0~start: CWD: C:\Users\jwang\Desktop\clockwork-tomatalia\Chatroom
11 silly lifecycle chatroom@1.0.0~start: Args: [ '/d /s /c', 'node server.js' ]
12 info lifecycle chatroom@1.0.0~start: Failed to exec start script
13 verbose stack Error: chatroom@1.0.0 start: `node server.js`
13 verbose stack spawn C:\Windows\system32\cmd.exe ENOENT
13 verbose stack     at exports._errnoException (util.js:1020:11)
13 verbose stack     at Process.ChildProcess._handle.onexit (internal/child_process.js:193:32)
13 verbose stack     at onErrorNT (internal/child_process.js:367:16)
13 verbose stack     at _combinedTickCallback (internal/process/next_tick.js:80:11)
13 verbose stack     at process._tickCallback (internal/process/next_tick.js:104:9)
14 verbose pkgid chatroom@1.0.0
15 verbose cwd C:\Users\jwang\Desktop\clockwork-tomatalia\Chatroom
16 error Windows_NT 6.1.7601
17 error argv "C:\\Program Files\\nodejs\\node.exe" "C:\\Program Files\\nodejs\\node_modules\\npm\\bin\\npm-cli.js" "start"
18 error node v6.11.2
19 error npm  v3.10.10
20 error file C:\Windows\system32\cmd.exe
21 error path C:\Windows\system32\cmd.exe
22 error code ELIFECYCLE
23 error errno ENOENT
24 error syscall spawn C:\Windows\system32\cmd.exe
25 error chatroom@1.0.0 start: `node server.js`
25 error spawn C:\Windows\system32\cmd.exe ENOENT
26 error Failed at the chatroom@1.0.0 start script 'node server.js'.
26 error Make sure you have the latest version of node.js and npm installed.
26 error If you do, this is most likely a problem with the chatroom package,
26 error not with npm itself.
26 error Tell the author that this fails on your system:
26 error     node server.js
26 error You can get information on how to open an issue for this project with:
26 error     npm bugs chatroom
26 error Or if that isn't available, you can get their info via:
26 error     npm owner ls chatroom
26 error There is likely additional logging output above.
27 verbose exit [ 1, true ]
